<?xml version="1.0" encoding="UTF-8"?>
<testsuite name="com.jojoldu.book.springboot.domain.posts.PostsRepositoryTest" tests="2" skipped="0" failures="0" errors="0" timestamp="2022-01-24T11:01:24" hostname="DongJas-MacBook-Air.local" time="0.141">
  <properties/>
  <testcase name="createAndReadPost()" classname="com.jojoldu.book.springboot.domain.posts.PostsRepositoryTest" time="0.065"/>
  <testcase name="BaseTimeEntity()" classname="com.jojoldu.book.springboot.domain.posts.PostsRepositoryTest" time="0.073"/>
  <system-out><![CDATA[2022-01-24 20:01:05.904  INFO 83055 --- [    Test worker] .b.t.c.SpringBootTestContextBootstrapper : Neither @ContextConfiguration nor @ContextHierarchy found for test class [com.jojoldu.book.springboot.domain.posts.PostsRepositoryTest], using SpringBootContextLoader
2022-01-24 20:01:05.908  INFO 83055 --- [    Test worker] o.s.t.c.support.AbstractContextLoader    : Could not detect default resource locations for test class [com.jojoldu.book.springboot.domain.posts.PostsRepositoryTest]: no resource found for suffixes {-context.xml, Context.groovy}.
2022-01-24 20:01:05.909  INFO 83055 --- [    Test worker] t.c.s.AnnotationConfigContextLoaderUtils : Could not detect default configuration classes for test class [com.jojoldu.book.springboot.domain.posts.PostsRepositoryTest]: PostsRepositoryTest does not declare any static, non-private, non-final, nested classes annotated with @Configuration.
2022-01-24 20:01:05.920  INFO 83055 --- [    Test worker] .b.t.c.SpringBootTestContextBootstrapper : Found @SpringBootConfiguration com.jojoldu.book.springboot.Application for test class com.jojoldu.book.springboot.domain.posts.PostsRepositoryTest
2022-01-24 20:01:05.924  INFO 83055 --- [    Test worker] .b.t.c.SpringBootTestContextBootstrapper : Loaded default TestExecutionListener class names from location [META-INF/spring.factories]: [org.springframework.security.test.context.support.WithSecurityContextTestExecutionListener, org.springframework.security.test.context.support.ReactorContextTestExecutionListener, org.springframework.boot.test.autoconfigure.restdocs.RestDocsTestExecutionListener, org.springframework.boot.test.autoconfigure.web.client.MockRestServiceServerResetTestExecutionListener, org.springframework.boot.test.autoconfigure.web.servlet.MockMvcPrintOnlyOnFailureTestExecutionListener, org.springframework.boot.test.autoconfigure.web.servlet.WebDriverTestExecutionListener, org.springframework.boot.test.autoconfigure.webservices.client.MockWebServiceServerTestExecutionListener, org.springframework.boot.test.mock.mockito.MockitoTestExecutionListener, org.springframework.boot.test.mock.mockito.ResetMocksTestExecutionListener, org.springframework.test.context.web.ServletTestExecutionListener, org.springframework.test.context.support.DirtiesContextBeforeModesTestExecutionListener, org.springframework.test.context.support.DependencyInjectionTestExecutionListener, org.springframework.test.context.support.DirtiesContextTestExecutionListener, org.springframework.test.context.transaction.TransactionalTestExecutionListener, org.springframework.test.context.jdbc.SqlScriptsTestExecutionListener, org.springframework.test.context.event.EventPublishingTestExecutionListener]
2022-01-24 20:01:05.926  INFO 83055 --- [    Test worker] .b.t.c.SpringBootTestContextBootstrapper : Using TestExecutionListeners: [org.springframework.test.context.web.ServletTestExecutionListener@101a848d, org.springframework.test.context.support.DirtiesContextBeforeModesTestExecutionListener@5f97b416, org.springframework.boot.test.mock.mockito.MockitoTestExecutionListener@6fc110b8, org.springframework.boot.test.autoconfigure.SpringBootDependencyInjectionTestExecutionListener@1c20bd0, org.springframework.test.context.support.DirtiesContextTestExecutionListener@4538d989, org.springframework.test.context.transaction.TransactionalTestExecutionListener@276df23c, org.springframework.test.context.jdbc.SqlScriptsTestExecutionListener@404e72b9, org.springframework.security.test.context.support.WithSecurityContextTestExecutionListener@51c37deb, org.springframework.test.context.event.EventPublishingTestExecutionListener@523402cb, org.springframework.security.test.context.support.ReactorContextTestExecutionListener@1a00f6a3, org.springframework.boot.test.autoconfigure.restdocs.RestDocsTestExecutionListener@296894e0, org.springframework.boot.test.autoconfigure.web.client.MockRestServiceServerResetTestExecutionListener@638e8803, org.springframework.boot.test.autoconfigure.web.servlet.MockMvcPrintOnlyOnFailureTestExecutionListener@11defce3, org.springframework.boot.test.autoconfigure.web.servlet.WebDriverTestExecutionListener@c76a595, org.springframework.boot.test.autoconfigure.webservices.client.MockWebServiceServerTestExecutionListener@6154ff6f, org.springframework.boot.test.mock.mockito.ResetMocksTestExecutionListener@768dbdd6]

  .   ____          _            __ _ _
 /\\ / ___'_ __ _ _(_)_ __  __ _ \ \ \ \
( ( )\___ | '_ | '_| | '_ \/ _` | \ \ \ \
 \\/  ___)| |_)| | | | | || (_| |  ) ) ) )
  '  |____| .__|_| |_|_| |_\__, | / / / /
 =========|_|==============|___/=/_/_/_/
 :: Spring Boot ::                (v2.4.1)

2022-01-24 20:01:16.012  WARN 83055 --- [    Test worker] o.s.boot.StartupInfoLogger               : InetAddress.getLocalHost().getHostName() took 5005 milliseconds to respond. Please verify your network configuration (macOS machines may need to add entries to /etc/hosts).
2022-01-24 20:01:21.016  INFO 83055 --- [    Test worker] c.j.b.s.d.posts.PostsRepositoryTest      : Starting PostsRepositoryTest using Java 1.8.0_301 on DongJas-MacBook-Air.local with PID 83055 (started by dongja in /Users/dongja/eclipse-workspace/freelec-springboot2-webservice)
2022-01-24 20:01:21.018  INFO 83055 --- [    Test worker] c.j.b.s.d.posts.PostsRepositoryTest      : No active profile set, falling back to default profiles: default
2022-01-24 20:01:21.434  INFO 83055 --- [    Test worker] .s.d.r.c.RepositoryConfigurationDelegate : Bootstrapping Spring Data JPA repositories in DEFAULT mode.
2022-01-24 20:01:21.461  INFO 83055 --- [    Test worker] .s.d.r.c.RepositoryConfigurationDelegate : Finished Spring Data repository scanning in 26 ms. Found 2 JPA repository interfaces.
2022-01-24 20:01:21.863  INFO 83055 --- [    Test worker] com.zaxxer.hikari.HikariDataSource       : HikariPool-2 - Starting...
2022-01-24 20:01:21.866  INFO 83055 --- [    Test worker] com.zaxxer.hikari.HikariDataSource       : HikariPool-2 - Start completed.
2022-01-24 20:01:21.899  INFO 83055 --- [    Test worker] o.hibernate.jpa.internal.util.LogHelper  : HHH000204: Processing PersistenceUnitInfo [name: default]
2022-01-24 20:01:21.907  INFO 83055 --- [    Test worker] org.hibernate.dialect.Dialect            : HHH000400: Using dialect: org.hibernate.dialect.MySQL57Dialect
Hibernate: 
    
    drop table if exists posts
Hibernate: 
    
    drop table if exists user
Hibernate: 
    
    create table posts (
       id bigint not null auto_increment,
        created_date datetime(6),
        modified_date datetime(6),
        author varchar(255),
        content TEXT not null,
        title varchar(500) not null,
        primary key (id)
    ) engine=InnoDB
Hibernate: 
    
    create table user (
       id bigint not null auto_increment,
        created_date datetime(6),
        modified_date datetime(6),
        email varchar(255) not null,
        name varchar(255) not null,
        picture varchar(255),
        role varchar(255) not null,
        primary key (id)
    ) engine=InnoDB
2022-01-24 20:01:22.029  INFO 83055 --- [    Test worker] o.h.e.t.j.p.i.JtaPlatformInitiator       : HHH000490: Using JtaPlatform implementation: [org.hibernate.engine.transaction.jta.platform.internal.NoJtaPlatform]
2022-01-24 20:01:22.031  INFO 83055 --- [    Test worker] j.LocalContainerEntityManagerFactoryBean : Initialized JPA EntityManagerFactory for persistence unit 'default'
2022-01-24 20:01:22.393  WARN 83055 --- [    Test worker] JpaBaseConfiguration$JpaWebConfiguration : spring.jpa.open-in-view is enabled by default. Therefore, database queries may be performed during view rendering. Explicitly configure spring.jpa.open-in-view to disable this warning
2022-01-24 20:01:22.903  INFO 83055 --- [    Test worker] o.s.s.web.DefaultSecurityFilterChain     : Will secure any request with [org.springframework.security.web.context.request.async.WebAsyncManagerIntegrationFilter@5388c073, org.springframework.security.web.context.SecurityContextPersistenceFilter@55d62f38, org.springframework.security.web.header.HeaderWriterFilter@7c5491fe, org.springframework.security.web.authentication.logout.LogoutFilter@75be63bb, org.springframework.security.oauth2.client.web.OAuth2AuthorizationRequestRedirectFilter@72009aee, org.springframework.security.oauth2.client.web.OAuth2LoginAuthenticationFilter@32299947, org.springframework.security.web.authentication.ui.DefaultLoginPageGeneratingFilter@79c324bd, org.springframework.security.web.authentication.ui.DefaultLogoutPageGeneratingFilter@35ceef9b, org.springframework.security.web.savedrequest.RequestCacheAwareFilter@79323d9d, org.springframework.security.web.servletapi.SecurityContextHolderAwareRequestFilter@21319824, org.springframework.security.web.authentication.AnonymousAuthenticationFilter@436fd426, org.springframework.security.web.session.SessionManagementFilter@237f7aad, org.springframework.security.web.access.ExceptionTranslationFilter@5d0e38df, org.springframework.security.web.access.intercept.FilterSecurityInterceptor@10ce59c]
2022-01-24 20:01:23.274  INFO 83055 --- [    Test worker] o.s.s.concurrent.ThreadPoolTaskExecutor  : Initializing ExecutorService 'applicationTaskExecutor'
2022-01-24 20:01:23.316  INFO 83055 --- [    Test worker] o.s.b.a.h2.H2ConsoleAutoConfiguration    : H2 console available at '/h2-console'. Database available at 'jdbc:h2:mem:testdb'
2022-01-24 20:01:23.387  INFO 83055 --- [    Test worker] o.s.b.a.w.s.WelcomePageHandlerMapping    : Adding welcome page template: index
2022-01-24 20:01:24.069  INFO 83055 --- [    Test worker] s.a.ScheduledAnnotationBeanPostProcessor : No TaskScheduler/ScheduledExecutorService bean found for scheduled processing
2022-01-24 20:01:24.075  INFO 83055 --- [    Test worker] c.j.b.s.d.posts.PostsRepositoryTest      : Started PostsRepositoryTest in 18.108 seconds (JVM running for 53.453)
Hibernate: 
    insert 
    into
        posts
        (created_date, modified_date, author, content, title) 
    values
        (?, ?, ?, ?, ?)
Hibernate: 
    select
        posts0_.id as id1_0_,
        posts0_.created_date as created_2_0_,
        posts0_.modified_date as modified3_0_,
        posts0_.author as author4_0_,
        posts0_.content as content5_0_,
        posts0_.title as title6_0_ 
    from
        posts posts0_
Hibernate: 
    select
        posts0_.id as id1_0_,
        posts0_.created_date as created_2_0_,
        posts0_.modified_date as modified3_0_,
        posts0_.author as author4_0_,
        posts0_.content as content5_0_,
        posts0_.title as title6_0_ 
    from
        posts posts0_
Hibernate: 
    delete 
    from
        posts 
    where
        id=?
Hibernate: 
    insert 
    into
        posts
        (created_date, modified_date, author, content, title) 
    values
        (?, ?, ?, ?, ?)
Hibernate: 
    select
        posts0_.id as id1_0_,
        posts0_.created_date as created_2_0_,
        posts0_.modified_date as modified3_0_,
        posts0_.author as author4_0_,
        posts0_.content as content5_0_,
        posts0_.title as title6_0_ 
    from
        posts posts0_
>>>>>>> createDate =2022-01-24T20:01:24.156modifiedDate=2022-01-24T20:01:24.156
Hibernate: 
    select
        posts0_.id as id1_0_,
        posts0_.created_date as created_2_0_,
        posts0_.modified_date as modified3_0_,
        posts0_.author as author4_0_,
        posts0_.content as content5_0_,
        posts0_.title as title6_0_ 
    from
        posts posts0_
Hibernate: 
    delete 
    from
        posts 
    where
        id=?
]]></system-out>
  <system-err><![CDATA[]]></system-err>
</testsuite>
