<?xml version="1.0" encoding="UTF-8"?>
<testsuite name="com.jojoldu.book.springboot.domain.posts.PostsRepositoryTest" tests="2" skipped="0" failures="0" errors="0" timestamp="2022-01-25T00:50:24" hostname="DongJas-MacBook-Air.local" time="0.181">
  <properties/>
  <testcase name="createAndReadPost()" classname="com.jojoldu.book.springboot.domain.posts.PostsRepositoryTest" time="0.098"/>
  <testcase name="BaseTimeEntity()" classname="com.jojoldu.book.springboot.domain.posts.PostsRepositoryTest" time="0.08"/>
  <system-out><![CDATA[2022-01-25 09:50:05.174  INFO 19913 --- [    Test worker] .b.t.c.SpringBootTestContextBootstrapper : Neither @ContextConfiguration nor @ContextHierarchy found for test class [com.jojoldu.book.springboot.domain.posts.PostsRepositoryTest], using SpringBootContextLoader
2022-01-25 09:50:05.181  INFO 19913 --- [    Test worker] o.s.t.c.support.AbstractContextLoader    : Could not detect default resource locations for test class [com.jojoldu.book.springboot.domain.posts.PostsRepositoryTest]: no resource found for suffixes {-context.xml, Context.groovy}.
2022-01-25 09:50:05.187  INFO 19913 --- [    Test worker] t.c.s.AnnotationConfigContextLoaderUtils : Could not detect default configuration classes for test class [com.jojoldu.book.springboot.domain.posts.PostsRepositoryTest]: PostsRepositoryTest does not declare any static, non-private, non-final, nested classes annotated with @Configuration.
2022-01-25 09:50:05.216  INFO 19913 --- [    Test worker] .b.t.c.SpringBootTestContextBootstrapper : Found @SpringBootConfiguration com.jojoldu.book.springboot.Application for test class com.jojoldu.book.springboot.domain.posts.PostsRepositoryTest
2022-01-25 09:50:05.221  INFO 19913 --- [    Test worker] .b.t.c.SpringBootTestContextBootstrapper : Loaded default TestExecutionListener class names from location [META-INF/spring.factories]: [org.springframework.security.test.context.support.WithSecurityContextTestExecutionListener, org.springframework.security.test.context.support.ReactorContextTestExecutionListener, org.springframework.boot.test.autoconfigure.restdocs.RestDocsTestExecutionListener, org.springframework.boot.test.autoconfigure.web.client.MockRestServiceServerResetTestExecutionListener, org.springframework.boot.test.autoconfigure.web.servlet.MockMvcPrintOnlyOnFailureTestExecutionListener, org.springframework.boot.test.autoconfigure.web.servlet.WebDriverTestExecutionListener, org.springframework.boot.test.autoconfigure.webservices.client.MockWebServiceServerTestExecutionListener, org.springframework.boot.test.mock.mockito.MockitoTestExecutionListener, org.springframework.boot.test.mock.mockito.ResetMocksTestExecutionListener, org.springframework.test.context.web.ServletTestExecutionListener, org.springframework.test.context.support.DirtiesContextBeforeModesTestExecutionListener, org.springframework.test.context.support.DependencyInjectionTestExecutionListener, org.springframework.test.context.support.DirtiesContextTestExecutionListener, org.springframework.test.context.transaction.TransactionalTestExecutionListener, org.springframework.test.context.jdbc.SqlScriptsTestExecutionListener, org.springframework.test.context.event.EventPublishingTestExecutionListener]
2022-01-25 09:50:05.223  INFO 19913 --- [    Test worker] .b.t.c.SpringBootTestContextBootstrapper : Using TestExecutionListeners: [org.springframework.test.context.web.ServletTestExecutionListener@106e1b30, org.springframework.test.context.support.DirtiesContextBeforeModesTestExecutionListener@50f0d9c4, org.springframework.boot.test.mock.mockito.MockitoTestExecutionListener@5df6709b, org.springframework.boot.test.autoconfigure.SpringBootDependencyInjectionTestExecutionListener@78f0832, org.springframework.test.context.support.DirtiesContextTestExecutionListener@67d82468, org.springframework.test.context.transaction.TransactionalTestExecutionListener@31b0ffae, org.springframework.test.context.jdbc.SqlScriptsTestExecutionListener@5fac33ab, org.springframework.security.test.context.support.WithSecurityContextTestExecutionListener@201d7ef4, org.springframework.test.context.event.EventPublishingTestExecutionListener@6c0f5fb, org.springframework.security.test.context.support.ReactorContextTestExecutionListener@30bb2702, org.springframework.boot.test.autoconfigure.restdocs.RestDocsTestExecutionListener@e346bd5, org.springframework.boot.test.autoconfigure.web.client.MockRestServiceServerResetTestExecutionListener@45955e39, org.springframework.boot.test.autoconfigure.web.servlet.MockMvcPrintOnlyOnFailureTestExecutionListener@447b145d, org.springframework.boot.test.autoconfigure.web.servlet.WebDriverTestExecutionListener@2d91b8e7, org.springframework.boot.test.autoconfigure.webservices.client.MockWebServiceServerTestExecutionListener@560443, org.springframework.boot.test.mock.mockito.ResetMocksTestExecutionListener@6fddf6e6]

  .   ____          _            __ _ _
 /\\ / ___'_ __ _ _(_)_ __  __ _ \ \ \ \
( ( )\___ | '_ | '_| | '_ \/ _` | \ \ \ \
 \\/  ___)| |_)| | | | | || (_| |  ) ) ) )
  '  |____| .__|_| |_|_| |_\__, | / / / /
 =========|_|==============|___/=/_/_/_/
 :: Spring Boot ::                (v2.4.1)

2022-01-25 09:50:15.314  WARN 19913 --- [    Test worker] o.s.boot.StartupInfoLogger               : InetAddress.getLocalHost().getHostName() took 5005 milliseconds to respond. Please verify your network configuration (macOS machines may need to add entries to /etc/hosts).
2022-01-25 09:50:20.324  INFO 19913 --- [    Test worker] c.j.b.s.d.posts.PostsRepositoryTest      : Starting PostsRepositoryTest using Java 1.8.0_301 on DongJas-MacBook-Air.local with PID 19913 (started by dongja in /Users/dongja/eclipse-workspace/freelec-springboot2-webservice)
2022-01-25 09:50:20.327  INFO 19913 --- [    Test worker] c.j.b.s.d.posts.PostsRepositoryTest      : No active profile set, falling back to default profiles: default
2022-01-25 09:50:20.951  INFO 19913 --- [    Test worker] .s.d.r.c.RepositoryConfigurationDelegate : Bootstrapping Spring Data JPA repositories in DEFAULT mode.
2022-01-25 09:50:20.997  INFO 19913 --- [    Test worker] .s.d.r.c.RepositoryConfigurationDelegate : Finished Spring Data repository scanning in 46 ms. Found 2 JPA repository interfaces.
2022-01-25 09:50:21.854  INFO 19913 --- [    Test worker] com.zaxxer.hikari.HikariDataSource       : HikariPool-2 - Starting...
2022-01-25 09:50:21.872  INFO 19913 --- [    Test worker] com.zaxxer.hikari.HikariDataSource       : HikariPool-2 - Start completed.
2022-01-25 09:50:21.912  INFO 19913 --- [    Test worker] o.hibernate.jpa.internal.util.LogHelper  : HHH000204: Processing PersistenceUnitInfo [name: default]
2022-01-25 09:50:21.939  INFO 19913 --- [    Test worker] org.hibernate.dialect.Dialect            : HHH000400: Using dialect: org.hibernate.dialect.MySQL57Dialect
Hibernate: 
    
    drop table if exists posts
Hibernate: 
    
    drop table if exists user
Hibernate: 
    
    create table posts (
       id bigint not null auto_increment,
        created_date datetime(6),
        modified_date datetime(6),
        author varchar(255),
        content TEXT not null,
        title varchar(500) not null,
        primary key (id)
    ) engine=InnoDB
Hibernate: 
    
    create table user (
       id bigint not null auto_increment,
        created_date datetime(6),
        modified_date datetime(6),
        email varchar(255) not null,
        name varchar(255) not null,
        picture varchar(255),
        role varchar(255) not null,
        primary key (id)
    ) engine=InnoDB
2022-01-25 09:50:22.242  INFO 19913 --- [    Test worker] o.h.e.t.j.p.i.JtaPlatformInitiator       : HHH000490: Using JtaPlatform implementation: [org.hibernate.engine.transaction.jta.platform.internal.NoJtaPlatform]
2022-01-25 09:50:22.245  INFO 19913 --- [    Test worker] j.LocalContainerEntityManagerFactoryBean : Initialized JPA EntityManagerFactory for persistence unit 'default'
2022-01-25 09:50:22.836  WARN 19913 --- [    Test worker] JpaBaseConfiguration$JpaWebConfiguration : spring.jpa.open-in-view is enabled by default. Therefore, database queries may be performed during view rendering. Explicitly configure spring.jpa.open-in-view to disable this warning
2022-01-25 09:50:23.504  INFO 19913 --- [    Test worker] o.s.s.web.DefaultSecurityFilterChain     : Will secure any request with [org.springframework.security.web.context.request.async.WebAsyncManagerIntegrationFilter@582656d2, org.springframework.security.web.context.SecurityContextPersistenceFilter@2adaa3c6, org.springframework.security.web.header.HeaderWriterFilter@1d0ba79, org.springframework.security.web.authentication.logout.LogoutFilter@705f1af6, org.springframework.security.oauth2.client.web.OAuth2AuthorizationRequestRedirectFilter@2f7d9fd, org.springframework.security.oauth2.client.web.OAuth2LoginAuthenticationFilter@670fb281, org.springframework.security.web.authentication.ui.DefaultLoginPageGeneratingFilter@2ca3e66b, org.springframework.security.web.authentication.ui.DefaultLogoutPageGeneratingFilter@6edaf09, org.springframework.security.web.savedrequest.RequestCacheAwareFilter@3aa338ff, org.springframework.security.web.servletapi.SecurityContextHolderAwareRequestFilter@3e244ea0, org.springframework.security.web.authentication.AnonymousAuthenticationFilter@3a69b618, org.springframework.security.web.session.SessionManagementFilter@32840225, org.springframework.security.web.access.ExceptionTranslationFilter@1a914f05, org.springframework.security.web.access.intercept.FilterSecurityInterceptor@3f2c2738]
2022-01-25 09:50:23.871  INFO 19913 --- [    Test worker] o.s.s.concurrent.ThreadPoolTaskExecutor  : Initializing ExecutorService 'applicationTaskExecutor'
2022-01-25 09:50:23.898  INFO 19913 --- [    Test worker] o.s.b.a.h2.H2ConsoleAutoConfiguration    : H2 console available at '/h2-console'. Database available at 'jdbc:h2:mem:testdb'
2022-01-25 09:50:23.947  INFO 19913 --- [    Test worker] o.s.b.a.w.s.WelcomePageHandlerMapping    : Adding welcome page template: index
2022-01-25 09:50:24.538  INFO 19913 --- [    Test worker] s.a.ScheduledAnnotationBeanPostProcessor : No TaskScheduler/ScheduledExecutorService bean found for scheduled processing
2022-01-25 09:50:24.540  INFO 19913 --- [    Test worker] c.j.b.s.d.posts.PostsRepositoryTest      : Started PostsRepositoryTest in 19.313 seconds (JVM running for 82.407)
Hibernate: 
    insert 
    into
        posts
        (created_date, modified_date, author, content, title) 
    values
        (?, ?, ?, ?, ?)
Hibernate: 
    select
        posts0_.id as id1_0_,
        posts0_.created_date as created_2_0_,
        posts0_.modified_date as modified3_0_,
        posts0_.author as author4_0_,
        posts0_.content as content5_0_,
        posts0_.title as title6_0_ 
    from
        posts posts0_
Hibernate: 
    select
        posts0_.id as id1_0_,
        posts0_.created_date as created_2_0_,
        posts0_.modified_date as modified3_0_,
        posts0_.author as author4_0_,
        posts0_.content as content5_0_,
        posts0_.title as title6_0_ 
    from
        posts posts0_
Hibernate: 
    delete 
    from
        posts 
    where
        id=?
Hibernate: 
    insert 
    into
        posts
        (created_date, modified_date, author, content, title) 
    values
        (?, ?, ?, ?, ?)
Hibernate: 
    select
        posts0_.id as id1_0_,
        posts0_.created_date as created_2_0_,
        posts0_.modified_date as modified3_0_,
        posts0_.author as author4_0_,
        posts0_.content as content5_0_,
        posts0_.title as title6_0_ 
    from
        posts posts0_
>>>>>>> createDate =2022-01-25T09:50:24.658modifiedDate=2022-01-25T09:50:24.658
Hibernate: 
    select
        posts0_.id as id1_0_,
        posts0_.created_date as created_2_0_,
        posts0_.modified_date as modified3_0_,
        posts0_.author as author4_0_,
        posts0_.content as content5_0_,
        posts0_.title as title6_0_ 
    from
        posts posts0_
Hibernate: 
    delete 
    from
        posts 
    where
        id=?
]]></system-out>
  <system-err><![CDATA[]]></system-err>
</testsuite>
