<?xml version="1.0" encoding="UTF-8"?>
<testsuite name="com.jojoldu.book.springboot.domain.posts.PostsRepositoryTest" tests="2" skipped="0" failures="0" errors="0" timestamp="2022-01-24T16:02:45" hostname="DongJas-MacBook-Air.local" time="0.232">
  <properties/>
  <testcase name="createAndReadPost()" classname="com.jojoldu.book.springboot.domain.posts.PostsRepositoryTest" time="0.08"/>
  <testcase name="BaseTimeEntity()" classname="com.jojoldu.book.springboot.domain.posts.PostsRepositoryTest" time="0.143"/>
  <system-out><![CDATA[2022-01-25 01:02:27.104  INFO 12819 --- [    Test worker] .b.t.c.SpringBootTestContextBootstrapper : Neither @ContextConfiguration nor @ContextHierarchy found for test class [com.jojoldu.book.springboot.domain.posts.PostsRepositoryTest], using SpringBootContextLoader
2022-01-25 01:02:27.105  INFO 12819 --- [    Test worker] o.s.t.c.support.AbstractContextLoader    : Could not detect default resource locations for test class [com.jojoldu.book.springboot.domain.posts.PostsRepositoryTest]: no resource found for suffixes {-context.xml, Context.groovy}.
2022-01-25 01:02:27.105  INFO 12819 --- [    Test worker] t.c.s.AnnotationConfigContextLoaderUtils : Could not detect default configuration classes for test class [com.jojoldu.book.springboot.domain.posts.PostsRepositoryTest]: PostsRepositoryTest does not declare any static, non-private, non-final, nested classes annotated with @Configuration.
2022-01-25 01:02:27.153  INFO 12819 --- [    Test worker] .b.t.c.SpringBootTestContextBootstrapper : Found @SpringBootConfiguration com.jojoldu.book.springboot.Application for test class com.jojoldu.book.springboot.domain.posts.PostsRepositoryTest
2022-01-25 01:02:27.157  INFO 12819 --- [    Test worker] .b.t.c.SpringBootTestContextBootstrapper : Loaded default TestExecutionListener class names from location [META-INF/spring.factories]: [org.springframework.security.test.context.support.WithSecurityContextTestExecutionListener, org.springframework.security.test.context.support.ReactorContextTestExecutionListener, org.springframework.boot.test.autoconfigure.restdocs.RestDocsTestExecutionListener, org.springframework.boot.test.autoconfigure.web.client.MockRestServiceServerResetTestExecutionListener, org.springframework.boot.test.autoconfigure.web.servlet.MockMvcPrintOnlyOnFailureTestExecutionListener, org.springframework.boot.test.autoconfigure.web.servlet.WebDriverTestExecutionListener, org.springframework.boot.test.autoconfigure.webservices.client.MockWebServiceServerTestExecutionListener, org.springframework.boot.test.mock.mockito.MockitoTestExecutionListener, org.springframework.boot.test.mock.mockito.ResetMocksTestExecutionListener, org.springframework.test.context.web.ServletTestExecutionListener, org.springframework.test.context.support.DirtiesContextBeforeModesTestExecutionListener, org.springframework.test.context.support.DependencyInjectionTestExecutionListener, org.springframework.test.context.support.DirtiesContextTestExecutionListener, org.springframework.test.context.transaction.TransactionalTestExecutionListener, org.springframework.test.context.jdbc.SqlScriptsTestExecutionListener, org.springframework.test.context.event.EventPublishingTestExecutionListener]
2022-01-25 01:02:27.159  INFO 12819 --- [    Test worker] .b.t.c.SpringBootTestContextBootstrapper : Using TestExecutionListeners: [org.springframework.test.context.web.ServletTestExecutionListener@50def303, org.springframework.test.context.support.DirtiesContextBeforeModesTestExecutionListener@1bb49c8c, org.springframework.boot.test.mock.mockito.MockitoTestExecutionListener@2f40eda6, org.springframework.boot.test.autoconfigure.SpringBootDependencyInjectionTestExecutionListener@34bff2be, org.springframework.test.context.support.DirtiesContextTestExecutionListener@13de49c1, org.springframework.test.context.transaction.TransactionalTestExecutionListener@2c31f7ca, org.springframework.test.context.jdbc.SqlScriptsTestExecutionListener@4340237, org.springframework.security.test.context.support.WithSecurityContextTestExecutionListener@4f552a0d, org.springframework.test.context.event.EventPublishingTestExecutionListener@2ea4f267, org.springframework.security.test.context.support.ReactorContextTestExecutionListener@d88dfde, org.springframework.boot.test.autoconfigure.restdocs.RestDocsTestExecutionListener@290951e2, org.springframework.boot.test.autoconfigure.web.client.MockRestServiceServerResetTestExecutionListener@4fea138c, org.springframework.boot.test.autoconfigure.web.servlet.MockMvcPrintOnlyOnFailureTestExecutionListener@46d4f7dc, org.springframework.boot.test.autoconfigure.web.servlet.WebDriverTestExecutionListener@d69b6f7, org.springframework.boot.test.autoconfigure.webservices.client.MockWebServiceServerTestExecutionListener@6e8c70f9, org.springframework.boot.test.mock.mockito.ResetMocksTestExecutionListener@716578d7]

  .   ____          _            __ _ _
 /\\ / ___'_ __ _ _(_)_ __  __ _ \ \ \ \
( ( )\___ | '_ | '_| | '_ \/ _` | \ \ \ \
 \\/  ___)| |_)| | | | | || (_| |  ) ) ) )
  '  |____| .__|_| |_|_| |_\__, | / / / /
 =========|_|==============|___/=/_/_/_/
 :: Spring Boot ::                (v2.4.1)

2022-01-25 01:02:37.239  WARN 12819 --- [    Test worker] o.s.boot.StartupInfoLogger               : InetAddress.getLocalHost().getHostName() took 5008 milliseconds to respond. Please verify your network configuration (macOS machines may need to add entries to /etc/hosts).
2022-01-25 01:02:42.244  INFO 12819 --- [    Test worker] c.j.b.s.d.posts.PostsRepositoryTest      : Starting PostsRepositoryTest using Java 1.8.0_301 on DongJas-MacBook-Air.local with PID 12819 (started by dongja in /Users/dongja/eclipse-workspace/freelec-springboot2-webservice)
2022-01-25 01:02:42.246  INFO 12819 --- [    Test worker] c.j.b.s.d.posts.PostsRepositoryTest      : No active profile set, falling back to default profiles: default
2022-01-25 01:02:42.703  INFO 12819 --- [    Test worker] .s.d.r.c.RepositoryConfigurationDelegate : Bootstrapping Spring Data JPA repositories in DEFAULT mode.
2022-01-25 01:02:42.731  INFO 12819 --- [    Test worker] .s.d.r.c.RepositoryConfigurationDelegate : Finished Spring Data repository scanning in 27 ms. Found 2 JPA repository interfaces.
2022-01-25 01:02:43.234  INFO 12819 --- [    Test worker] com.zaxxer.hikari.HikariDataSource       : HikariPool-2 - Starting...
2022-01-25 01:02:43.238  INFO 12819 --- [    Test worker] com.zaxxer.hikari.HikariDataSource       : HikariPool-2 - Start completed.
2022-01-25 01:02:43.290  INFO 12819 --- [    Test worker] o.hibernate.jpa.internal.util.LogHelper  : HHH000204: Processing PersistenceUnitInfo [name: default]
2022-01-25 01:02:43.326  INFO 12819 --- [    Test worker] org.hibernate.dialect.Dialect            : HHH000400: Using dialect: org.hibernate.dialect.MySQL57Dialect
Hibernate: 
    
    drop table if exists posts
Hibernate: 
    
    drop table if exists user
Hibernate: 
    
    create table posts (
       id bigint not null auto_increment,
        created_date datetime(6),
        modified_date datetime(6),
        author varchar(255),
        content TEXT not null,
        title varchar(500) not null,
        primary key (id)
    ) engine=InnoDB
Hibernate: 
    
    create table user (
       id bigint not null auto_increment,
        created_date datetime(6),
        modified_date datetime(6),
        email varchar(255) not null,
        name varchar(255) not null,
        picture varchar(255),
        role varchar(255) not null,
        primary key (id)
    ) engine=InnoDB
2022-01-25 01:02:43.510  INFO 12819 --- [    Test worker] o.h.e.t.j.p.i.JtaPlatformInitiator       : HHH000490: Using JtaPlatform implementation: [org.hibernate.engine.transaction.jta.platform.internal.NoJtaPlatform]
2022-01-25 01:02:43.525  INFO 12819 --- [    Test worker] j.LocalContainerEntityManagerFactoryBean : Initialized JPA EntityManagerFactory for persistence unit 'default'
2022-01-25 01:02:43.858  WARN 12819 --- [    Test worker] JpaBaseConfiguration$JpaWebConfiguration : spring.jpa.open-in-view is enabled by default. Therefore, database queries may be performed during view rendering. Explicitly configure spring.jpa.open-in-view to disable this warning
2022-01-25 01:02:44.342  INFO 12819 --- [    Test worker] o.s.s.web.DefaultSecurityFilterChain     : Will secure any request with [org.springframework.security.web.context.request.async.WebAsyncManagerIntegrationFilter@6c921b13, org.springframework.security.web.context.SecurityContextPersistenceFilter@29c09b8f, org.springframework.security.web.header.HeaderWriterFilter@1e032ba9, org.springframework.security.web.authentication.logout.LogoutFilter@5f0c7444, org.springframework.security.oauth2.client.web.OAuth2AuthorizationRequestRedirectFilter@5318a4aa, org.springframework.security.oauth2.client.web.OAuth2LoginAuthenticationFilter@705f1af6, org.springframework.security.web.authentication.ui.DefaultLoginPageGeneratingFilter@2261ac13, org.springframework.security.web.authentication.ui.DefaultLogoutPageGeneratingFilter@5fb13854, org.springframework.security.web.savedrequest.RequestCacheAwareFilter@393d3633, org.springframework.security.web.servletapi.SecurityContextHolderAwareRequestFilter@3e640cde, org.springframework.security.web.authentication.AnonymousAuthenticationFilter@499aeafc, org.springframework.security.web.session.SessionManagementFilter@5aa8c63f, org.springframework.security.web.access.ExceptionTranslationFilter@a834dc1, org.springframework.security.web.access.intercept.FilterSecurityInterceptor@2ca3e66b]
2022-01-25 01:02:44.746  INFO 12819 --- [    Test worker] o.s.s.concurrent.ThreadPoolTaskExecutor  : Initializing ExecutorService 'applicationTaskExecutor'
2022-01-25 01:02:44.785  INFO 12819 --- [    Test worker] o.s.b.a.h2.H2ConsoleAutoConfiguration    : H2 console available at '/h2-console'. Database available at 'jdbc:h2:mem:testdb'
2022-01-25 01:02:44.830  INFO 12819 --- [    Test worker] o.s.b.a.w.s.WelcomePageHandlerMapping    : Adding welcome page template: index
2022-01-25 01:02:45.529  INFO 12819 --- [    Test worker] s.a.ScheduledAnnotationBeanPostProcessor : No TaskScheduler/ScheduledExecutorService bean found for scheduled processing
2022-01-25 01:02:45.532  INFO 12819 --- [    Test worker] c.j.b.s.d.posts.PostsRepositoryTest      : Started PostsRepositoryTest in 18.365 seconds (JVM running for 73.724)
Hibernate: 
    insert 
    into
        posts
        (created_date, modified_date, author, content, title) 
    values
        (?, ?, ?, ?, ?)
Hibernate: 
    select
        posts0_.id as id1_0_,
        posts0_.created_date as created_2_0_,
        posts0_.modified_date as modified3_0_,
        posts0_.author as author4_0_,
        posts0_.content as content5_0_,
        posts0_.title as title6_0_ 
    from
        posts posts0_
Hibernate: 
    select
        posts0_.id as id1_0_,
        posts0_.created_date as created_2_0_,
        posts0_.modified_date as modified3_0_,
        posts0_.author as author4_0_,
        posts0_.content as content5_0_,
        posts0_.title as title6_0_ 
    from
        posts posts0_
Hibernate: 
    delete 
    from
        posts 
    where
        id=?
Hibernate: 
    insert 
    into
        posts
        (created_date, modified_date, author, content, title) 
    values
        (?, ?, ?, ?, ?)
Hibernate: 
    select
        posts0_.id as id1_0_,
        posts0_.created_date as created_2_0_,
        posts0_.modified_date as modified3_0_,
        posts0_.author as author4_0_,
        posts0_.content as content5_0_,
        posts0_.title as title6_0_ 
    from
        posts posts0_
>>>>>>> createDate =2022-01-25T01:02:45.639modifiedDate=2022-01-25T01:02:45.639
Hibernate: 
    select
        posts0_.id as id1_0_,
        posts0_.created_date as created_2_0_,
        posts0_.modified_date as modified3_0_,
        posts0_.author as author4_0_,
        posts0_.content as content5_0_,
        posts0_.title as title6_0_ 
    from
        posts posts0_
Hibernate: 
    delete 
    from
        posts 
    where
        id=?
]]></system-out>
  <system-err><![CDATA[]]></system-err>
</testsuite>
