<?xml version="1.0" encoding="UTF-8"?>
<testsuite name="com.jojoldu.book.springboot.web.HelloControllerTest" tests="2" skipped="0" failures="0" errors="0" timestamp="2022-01-24T11:01:40" hostname="DongJas-MacBook-Air.local" time="0.144">
  <properties/>
  <testcase name="helloDto()" classname="com.jojoldu.book.springboot.web.HelloControllerTest" time="0.123"/>
  <testcase name="hello()" classname="com.jojoldu.book.springboot.web.HelloControllerTest" time="0.019"/>
  <system-out><![CDATA[2022-01-24 20:01:24.268  INFO 83055 --- [    Test worker] .b.t.a.w.s.WebMvcTestContextBootstrapper : Neither @ContextConfiguration nor @ContextHierarchy found for test class [com.jojoldu.book.springboot.web.HelloControllerTest], using SpringBootContextLoader
2022-01-24 20:01:24.270  INFO 83055 --- [    Test worker] o.s.t.c.support.AbstractContextLoader    : Could not detect default resource locations for test class [com.jojoldu.book.springboot.web.HelloControllerTest]: no resource found for suffixes {-context.xml, Context.groovy}.
2022-01-24 20:01:24.271  INFO 83055 --- [    Test worker] t.c.s.AnnotationConfigContextLoaderUtils : Could not detect default configuration classes for test class [com.jojoldu.book.springboot.web.HelloControllerTest]: HelloControllerTest does not declare any static, non-private, non-final, nested classes annotated with @Configuration.
2022-01-24 20:01:24.309  INFO 83055 --- [    Test worker] .b.t.c.SpringBootTestContextBootstrapper : Found @SpringBootConfiguration com.jojoldu.book.springboot.Application for test class com.jojoldu.book.springboot.web.HelloControllerTest
2022-01-24 20:01:24.310  INFO 83055 --- [    Test worker] .b.t.a.w.s.WebMvcTestContextBootstrapper : Loaded default TestExecutionListener class names from location [META-INF/spring.factories]: [org.springframework.security.test.context.support.WithSecurityContextTestExecutionListener, org.springframework.security.test.context.support.ReactorContextTestExecutionListener, org.springframework.boot.test.autoconfigure.restdocs.RestDocsTestExecutionListener, org.springframework.boot.test.autoconfigure.web.client.MockRestServiceServerResetTestExecutionListener, org.springframework.boot.test.autoconfigure.web.servlet.MockMvcPrintOnlyOnFailureTestExecutionListener, org.springframework.boot.test.autoconfigure.web.servlet.WebDriverTestExecutionListener, org.springframework.boot.test.autoconfigure.webservices.client.MockWebServiceServerTestExecutionListener, org.springframework.boot.test.mock.mockito.MockitoTestExecutionListener, org.springframework.boot.test.mock.mockito.ResetMocksTestExecutionListener, org.springframework.test.context.web.ServletTestExecutionListener, org.springframework.test.context.support.DirtiesContextBeforeModesTestExecutionListener, org.springframework.test.context.support.DependencyInjectionTestExecutionListener, org.springframework.test.context.support.DirtiesContextTestExecutionListener, org.springframework.test.context.transaction.TransactionalTestExecutionListener, org.springframework.test.context.jdbc.SqlScriptsTestExecutionListener, org.springframework.test.context.event.EventPublishingTestExecutionListener]
2022-01-24 20:01:24.314  INFO 83055 --- [    Test worker] .b.t.a.w.s.WebMvcTestContextBootstrapper : Using TestExecutionListeners: [org.springframework.test.context.web.ServletTestExecutionListener@33fa0355, org.springframework.test.context.support.DirtiesContextBeforeModesTestExecutionListener@73128108, org.springframework.boot.test.mock.mockito.MockitoTestExecutionListener@3659c1f2, org.springframework.boot.test.autoconfigure.SpringBootDependencyInjectionTestExecutionListener@766e66cc, org.springframework.test.context.support.DirtiesContextTestExecutionListener@15ed23ff, org.springframework.test.context.transaction.TransactionalTestExecutionListener@7290fa8b, org.springframework.test.context.jdbc.SqlScriptsTestExecutionListener@abef37a, org.springframework.security.test.context.support.WithSecurityContextTestExecutionListener@fe3ace7, org.springframework.test.context.event.EventPublishingTestExecutionListener@736d843f, org.springframework.security.test.context.support.ReactorContextTestExecutionListener@6dc6c7b, org.springframework.boot.test.autoconfigure.restdocs.RestDocsTestExecutionListener@7b047af9, org.springframework.boot.test.autoconfigure.web.client.MockRestServiceServerResetTestExecutionListener@699265ea, org.springframework.boot.test.autoconfigure.web.servlet.MockMvcPrintOnlyOnFailureTestExecutionListener@76c1589b, org.springframework.boot.test.autoconfigure.web.servlet.WebDriverTestExecutionListener@131b5d8c, org.springframework.boot.test.autoconfigure.webservices.client.MockWebServiceServerTestExecutionListener@4b903ea4, org.springframework.boot.test.mock.mockito.ResetMocksTestExecutionListener@31d7bf09]

  .   ____          _            __ _ _
 /\\ / ___'_ __ _ _(_)_ __  __ _ \ \ \ \
( ( )\___ | '_ | '_| | '_ \/ _` | \ \ \ \
 \\/  ___)| |_)| | | | | || (_| |  ) ) ) )
  '  |____| .__|_| |_|_| |_\__, | / / / /
 =========|_|==============|___/=/_/_/_/
 :: Spring Boot ::                (v2.4.1)

2022-01-24 20:01:34.383  WARN 83055 --- [    Test worker] o.s.boot.StartupInfoLogger               : InetAddress.getLocalHost().getHostName() took 5004 milliseconds to respond. Please verify your network configuration (macOS machines may need to add entries to /etc/hosts).
2022-01-24 20:01:39.386  INFO 83055 --- [    Test worker] c.j.b.s.web.HelloControllerTest          : Starting HelloControllerTest using Java 1.8.0_301 on DongJas-MacBook-Air.local with PID 83055 (started by dongja in /Users/dongja/eclipse-workspace/freelec-springboot2-webservice)
2022-01-24 20:01:39.389  INFO 83055 --- [    Test worker] c.j.b.s.web.HelloControllerTest          : No active profile set, falling back to default profiles: default
2022-01-24 20:01:40.048  INFO 83055 --- [    Test worker] o.s.s.concurrent.ThreadPoolTaskExecutor  : Initializing ExecutorService 'applicationTaskExecutor'
2022-01-24 20:01:40.098  INFO 83055 --- [    Test worker] o.s.b.a.w.s.WelcomePageHandlerMapping    : Adding welcome page template: index
2022-01-24 20:01:40.578  INFO 83055 --- [    Test worker] o.s.s.web.DefaultSecurityFilterChain     : Will secure any request with [org.springframework.security.web.context.request.async.WebAsyncManagerIntegrationFilter@73df54b2, org.springframework.security.web.context.SecurityContextPersistenceFilter@2f7d9fd, org.springframework.security.web.header.HeaderWriterFilter@1be49e4c, org.springframework.security.web.csrf.CsrfFilter@755a26de, org.springframework.security.web.authentication.logout.LogoutFilter@3a69b618, org.springframework.security.oauth2.client.web.OAuth2AuthorizationRequestRedirectFilter@6e107e1a, org.springframework.security.oauth2.client.web.OAuth2AuthorizationRequestRedirectFilter@6c66b176, org.springframework.security.oauth2.client.web.OAuth2LoginAuthenticationFilter@2a7630f2, org.springframework.security.web.authentication.ui.DefaultLoginPageGeneratingFilter@20e8906e, org.springframework.security.web.authentication.ui.DefaultLogoutPageGeneratingFilter@1af5adc3, org.springframework.security.web.savedrequest.RequestCacheAwareFilter@670fb281, org.springframework.security.web.servletapi.SecurityContextHolderAwareRequestFilter@582656d2, org.springframework.security.web.authentication.AnonymousAuthenticationFilter@3aa94c13, org.springframework.security.oauth2.client.web.OAuth2AuthorizationCodeGrantFilter@440c8e00, org.springframework.security.web.session.SessionManagementFilter@3f2c2738, org.springframework.security.web.access.ExceptionTranslationFilter@3f2b56d4, org.springframework.security.web.access.intercept.FilterSecurityInterceptor@32cd93de]
2022-01-24 20:01:40.762  INFO 83055 --- [    Test worker] o.s.b.t.m.w.SpringBootMockServletContext : Initializing Spring TestDispatcherServlet ''
2022-01-24 20:01:40.762  INFO 83055 --- [    Test worker] o.s.t.web.servlet.TestDispatcherServlet  : Initializing Servlet ''
2022-01-24 20:01:40.763  INFO 83055 --- [    Test worker] o.s.t.web.servlet.TestDispatcherServlet  : Completed initialization in 1 ms
2022-01-24 20:01:40.788  INFO 83055 --- [    Test worker] c.j.b.s.web.HelloControllerTest          : Started HelloControllerTest in 16.468 seconds (JVM running for 70.166)
]]></system-out>
  <system-err><![CDATA[]]></system-err>
</testsuite>
