<?xml version="1.0" encoding="UTF-8"?>
<testsuite name="com.jojoldu.book.springboot.web.HelloControllerTest" tests="2" skipped="0" failures="0" errors="0" timestamp="2022-01-25T00:49:31" hostname="DongJas-MacBook-Air.local" time="1.844">
  <properties/>
  <testcase name="helloDto()" classname="com.jojoldu.book.springboot.web.HelloControllerTest" time="1.81"/>
  <testcase name="hello()" classname="com.jojoldu.book.springboot.web.HelloControllerTest" time="0.031"/>
  <system-out><![CDATA[09:49:06.994 [Test worker] DEBUG org.springframework.test.context.BootstrapUtils - Instantiating CacheAwareContextLoaderDelegate from class [org.springframework.test.context.cache.DefaultCacheAwareContextLoaderDelegate]
09:49:07.081 [Test worker] DEBUG org.springframework.test.context.BootstrapUtils - Instantiating BootstrapContext using constructor [public org.springframework.test.context.support.DefaultBootstrapContext(java.lang.Class,org.springframework.test.context.CacheAwareContextLoaderDelegate)]
09:49:07.261 [Test worker] DEBUG org.springframework.test.context.BootstrapUtils - Instantiating TestContextBootstrapper for test class [com.jojoldu.book.springboot.web.HelloControllerTest] from class [org.springframework.boot.test.autoconfigure.web.servlet.WebMvcTestContextBootstrapper]
09:49:07.337 [Test worker] INFO org.springframework.boot.test.autoconfigure.web.servlet.WebMvcTestContextBootstrapper - Neither @ContextConfiguration nor @ContextHierarchy found for test class [com.jojoldu.book.springboot.web.HelloControllerTest], using SpringBootContextLoader
09:49:07.363 [Test worker] DEBUG org.springframework.test.context.support.AbstractContextLoader - Did not detect default resource location for test class [com.jojoldu.book.springboot.web.HelloControllerTest]: class path resource [com/jojoldu/book/springboot/web/HelloControllerTest-context.xml] does not exist
09:49:07.364 [Test worker] DEBUG org.springframework.test.context.support.AbstractContextLoader - Did not detect default resource location for test class [com.jojoldu.book.springboot.web.HelloControllerTest]: class path resource [com/jojoldu/book/springboot/web/HelloControllerTestContext.groovy] does not exist
09:49:07.365 [Test worker] INFO org.springframework.test.context.support.AbstractContextLoader - Could not detect default resource locations for test class [com.jojoldu.book.springboot.web.HelloControllerTest]: no resource found for suffixes {-context.xml, Context.groovy}.
09:49:07.369 [Test worker] INFO org.springframework.test.context.support.AnnotationConfigContextLoaderUtils - Could not detect default configuration classes for test class [com.jojoldu.book.springboot.web.HelloControllerTest]: HelloControllerTest does not declare any static, non-private, non-final, nested classes annotated with @Configuration.
09:49:07.699 [Test worker] DEBUG org.springframework.test.context.support.ActiveProfilesUtils - Could not find an 'annotation declaring class' for annotation type [org.springframework.test.context.ActiveProfiles] and class [com.jojoldu.book.springboot.web.HelloControllerTest]
09:49:08.070 [Test worker] DEBUG org.springframework.context.annotation.ClassPathScanningCandidateComponentProvider - Identified candidate component class: file [/Users/dongja/eclipse-workspace/freelec-springboot2-webservice/build/classes/java/main/com/jojoldu/book/springboot/Application.class]
09:49:08.071 [Test worker] INFO org.springframework.boot.test.context.SpringBootTestContextBootstrapper - Found @SpringBootConfiguration com.jojoldu.book.springboot.Application for test class com.jojoldu.book.springboot.web.HelloControllerTest
09:49:08.078 [Test worker] DEBUG org.springframework.boot.test.autoconfigure.web.servlet.WebMvcTestContextBootstrapper - @TestExecutionListeners is not present for class [com.jojoldu.book.springboot.web.HelloControllerTest]: using defaults.
09:49:08.078 [Test worker] INFO org.springframework.boot.test.autoconfigure.web.servlet.WebMvcTestContextBootstrapper - Loaded default TestExecutionListener class names from location [META-INF/spring.factories]: [org.springframework.security.test.context.support.WithSecurityContextTestExecutionListener, org.springframework.security.test.context.support.ReactorContextTestExecutionListener, org.springframework.boot.test.autoconfigure.restdocs.RestDocsTestExecutionListener, org.springframework.boot.test.autoconfigure.web.client.MockRestServiceServerResetTestExecutionListener, org.springframework.boot.test.autoconfigure.web.servlet.MockMvcPrintOnlyOnFailureTestExecutionListener, org.springframework.boot.test.autoconfigure.web.servlet.WebDriverTestExecutionListener, org.springframework.boot.test.autoconfigure.webservices.client.MockWebServiceServerTestExecutionListener, org.springframework.boot.test.mock.mockito.MockitoTestExecutionListener, org.springframework.boot.test.mock.mockito.ResetMocksTestExecutionListener, org.springframework.test.context.web.ServletTestExecutionListener, org.springframework.test.context.support.DirtiesContextBeforeModesTestExecutionListener, org.springframework.test.context.support.DependencyInjectionTestExecutionListener, org.springframework.test.context.support.DirtiesContextTestExecutionListener, org.springframework.test.context.transaction.TransactionalTestExecutionListener, org.springframework.test.context.jdbc.SqlScriptsTestExecutionListener, org.springframework.test.context.event.EventPublishingTestExecutionListener]
09:49:08.211 [Test worker] INFO org.springframework.boot.test.autoconfigure.web.servlet.WebMvcTestContextBootstrapper - Using TestExecutionListeners: [org.springframework.test.context.web.ServletTestExecutionListener@55c045dc, org.springframework.test.context.support.DirtiesContextBeforeModesTestExecutionListener@1ee22743, org.springframework.boot.test.mock.mockito.MockitoTestExecutionListener@3ad5bddf, org.springframework.boot.test.autoconfigure.SpringBootDependencyInjectionTestExecutionListener@6aa01b6d, org.springframework.test.context.support.DirtiesContextTestExecutionListener@3d195d40, org.springframework.test.context.transaction.TransactionalTestExecutionListener@32cebd9f, org.springframework.test.context.jdbc.SqlScriptsTestExecutionListener@25e2c55c, org.springframework.security.test.context.support.WithSecurityContextTestExecutionListener@4ff3c9fe, org.springframework.test.context.event.EventPublishingTestExecutionListener@38f76e1d, org.springframework.security.test.context.support.ReactorContextTestExecutionListener@7f921ed9, org.springframework.boot.test.autoconfigure.restdocs.RestDocsTestExecutionListener@4c69ec52, org.springframework.boot.test.autoconfigure.web.client.MockRestServiceServerResetTestExecutionListener@1d047018, org.springframework.boot.test.autoconfigure.web.servlet.MockMvcPrintOnlyOnFailureTestExecutionListener@1e807223, org.springframework.boot.test.autoconfigure.web.servlet.WebDriverTestExecutionListener@718bc3fc, org.springframework.boot.test.autoconfigure.webservices.client.MockWebServiceServerTestExecutionListener@7203bae3, org.springframework.boot.test.mock.mockito.ResetMocksTestExecutionListener@4cb9900b]
09:49:08.232 [Test worker] DEBUG org.springframework.test.context.support.AbstractDirtiesContextTestExecutionListener - Before test class: context [DefaultTestContext@7c5f65ff testClass = HelloControllerTest, testInstance = [null], testMethod = [null], testException = [null], mergedContextConfiguration = [WebMergedContextConfiguration@1ac901fb testClass = HelloControllerTest, locations = '{}', classes = '{class com.jojoldu.book.springboot.Application}', contextInitializerClasses = '[]', activeProfiles = '{}', propertySourceLocations = '{}', propertySourceProperties = '{org.springframework.boot.test.autoconfigure.web.servlet.WebMvcTestContextBootstrapper=true}', contextCustomizers = set[org.springframework.boot.test.autoconfigure.OverrideAutoConfigurationContextCustomizerFactory$DisableAutoConfigurationContextCustomizer@61ad72c7, org.springframework.boot.test.autoconfigure.actuate.metrics.MetricsExportContextCustomizerFactory$DisableMetricExportContextCustomizer@24e89c4c, org.springframework.boot.test.autoconfigure.filter.TypeExcludeFiltersContextCustomizer@1e276a65, org.springframework.boot.test.autoconfigure.properties.PropertyMappingContextCustomizer@40364d28, org.springframework.boot.test.autoconfigure.web.servlet.WebDriverContextCustomizerFactory$Customizer@67ae7f17, [ImportsContextCustomizer@2c53b701 key = [org.springframework.boot.autoconfigure.cache.CacheAutoConfiguration, org.springframework.boot.autoconfigure.context.MessageSourceAutoConfiguration, org.springframework.boot.autoconfigure.data.web.SpringDataWebAutoConfiguration, org.springframework.boot.autoconfigure.freemarker.FreeMarkerAutoConfiguration, org.springframework.boot.autoconfigure.groovy.template.GroovyTemplateAutoConfiguration, org.springframework.boot.autoconfigure.gson.GsonAutoConfiguration, org.springframework.boot.autoconfigure.hateoas.HypermediaAutoConfiguration, org.springframework.boot.autoconfigure.http.HttpMessageConvertersAutoConfiguration, org.springframework.boot.autoconfigure.jackson.JacksonAutoConfiguration, org.springframework.boot.autoconfigure.jsonb.JsonbAutoConfiguration, org.springframework.boot.autoconfigure.mustache.MustacheAutoConfiguration, org.springframework.boot.autoconfigure.task.TaskExecutionAutoConfiguration, org.springframework.boot.autoconfigure.thymeleaf.ThymeleafAutoConfiguration, org.springframework.boot.autoconfigure.validation.ValidationAutoConfiguration, org.springframework.boot.autoconfigure.web.servlet.error.ErrorMvcAutoConfiguration, org.springframework.boot.autoconfigure.web.servlet.HttpEncodingAutoConfiguration, org.springframework.boot.autoconfigure.web.servlet.WebMvcAutoConfiguration, org.springframework.boot.test.autoconfigure.web.servlet.MockMvcAutoConfiguration, org.springframework.boot.test.autoconfigure.web.servlet.MockMvcWebClientAutoConfiguration, org.springframework.boot.test.autoconfigure.web.servlet.MockMvcWebDriverAutoConfiguration, org.springframework.boot.autoconfigure.security.oauth2.client.servlet.OAuth2ClientAutoConfiguration, org.springframework.boot.autoconfigure.security.oauth2.resource.servlet.OAuth2ResourceServerAutoConfiguration, org.springframework.boot.autoconfigure.security.servlet.SecurityAutoConfiguration, org.springframework.boot.autoconfigure.security.servlet.SecurityFilterAutoConfiguration, org.springframework.boot.autoconfigure.security.servlet.UserDetailsServiceAutoConfiguration, org.springframework.boot.test.autoconfigure.web.servlet.MockMvcSecurityConfiguration]], org.springframework.boot.test.context.filter.ExcludeFilterContextCustomizer@2584dc2c, org.springframework.boot.test.json.DuplicateJsonObjectContextCustomizerFactory$DuplicateJsonObjectContextCustomizer@23c469d7, org.springframework.boot.test.mock.mockito.MockitoContextCustomizer@0, org.springframework.boot.test.context.SpringBootTestArgs@1, org.springframework.boot.test.context.SpringBootTestWebEnvironment@0], resourceBasePath = 'src/main/webapp', contextLoader = 'org.springframework.boot.test.context.SpringBootContextLoader', parent = [null]], attributes = map[[empty]]], class annotated with @DirtiesContext [false] with mode [null].
09:49:08.249 [Test worker] DEBUG org.springframework.test.context.support.DependencyInjectionTestExecutionListener - Performing dependency injection for test context [[DefaultTestContext@7c5f65ff testClass = HelloControllerTest, testInstance = com.jojoldu.book.springboot.web.HelloControllerTest@7831934a, testMethod = [null], testException = [null], mergedContextConfiguration = [WebMergedContextConfiguration@1ac901fb testClass = HelloControllerTest, locations = '{}', classes = '{class com.jojoldu.book.springboot.Application}', contextInitializerClasses = '[]', activeProfiles = '{}', propertySourceLocations = '{}', propertySourceProperties = '{org.springframework.boot.test.autoconfigure.web.servlet.WebMvcTestContextBootstrapper=true}', contextCustomizers = set[org.springframework.boot.test.autoconfigure.OverrideAutoConfigurationContextCustomizerFactory$DisableAutoConfigurationContextCustomizer@61ad72c7, org.springframework.boot.test.autoconfigure.actuate.metrics.MetricsExportContextCustomizerFactory$DisableMetricExportContextCustomizer@24e89c4c, org.springframework.boot.test.autoconfigure.filter.TypeExcludeFiltersContextCustomizer@1e276a65, org.springframework.boot.test.autoconfigure.properties.PropertyMappingContextCustomizer@40364d28, org.springframework.boot.test.autoconfigure.web.servlet.WebDriverContextCustomizerFactory$Customizer@67ae7f17, [ImportsContextCustomizer@2c53b701 key = [org.springframework.boot.autoconfigure.cache.CacheAutoConfiguration, org.springframework.boot.autoconfigure.context.MessageSourceAutoConfiguration, org.springframework.boot.autoconfigure.data.web.SpringDataWebAutoConfiguration, org.springframework.boot.autoconfigure.freemarker.FreeMarkerAutoConfiguration, org.springframework.boot.autoconfigure.groovy.template.GroovyTemplateAutoConfiguration, org.springframework.boot.autoconfigure.gson.GsonAutoConfiguration, org.springframework.boot.autoconfigure.hateoas.HypermediaAutoConfiguration, org.springframework.boot.autoconfigure.http.HttpMessageConvertersAutoConfiguration, org.springframework.boot.autoconfigure.jackson.JacksonAutoConfiguration, org.springframework.boot.autoconfigure.jsonb.JsonbAutoConfiguration, org.springframework.boot.autoconfigure.mustache.MustacheAutoConfiguration, org.springframework.boot.autoconfigure.task.TaskExecutionAutoConfiguration, org.springframework.boot.autoconfigure.thymeleaf.ThymeleafAutoConfiguration, org.springframework.boot.autoconfigure.validation.ValidationAutoConfiguration, org.springframework.boot.autoconfigure.web.servlet.error.ErrorMvcAutoConfiguration, org.springframework.boot.autoconfigure.web.servlet.HttpEncodingAutoConfiguration, org.springframework.boot.autoconfigure.web.servlet.WebMvcAutoConfiguration, org.springframework.boot.test.autoconfigure.web.servlet.MockMvcAutoConfiguration, org.springframework.boot.test.autoconfigure.web.servlet.MockMvcWebClientAutoConfiguration, org.springframework.boot.test.autoconfigure.web.servlet.MockMvcWebDriverAutoConfiguration, org.springframework.boot.autoconfigure.security.oauth2.client.servlet.OAuth2ClientAutoConfiguration, org.springframework.boot.autoconfigure.security.oauth2.resource.servlet.OAuth2ResourceServerAutoConfiguration, org.springframework.boot.autoconfigure.security.servlet.SecurityAutoConfiguration, org.springframework.boot.autoconfigure.security.servlet.SecurityFilterAutoConfiguration, org.springframework.boot.autoconfigure.security.servlet.UserDetailsServiceAutoConfiguration, org.springframework.boot.test.autoconfigure.web.servlet.MockMvcSecurityConfiguration]], org.springframework.boot.test.context.filter.ExcludeFilterContextCustomizer@2584dc2c, org.springframework.boot.test.json.DuplicateJsonObjectContextCustomizerFactory$DuplicateJsonObjectContextCustomizer@23c469d7, org.springframework.boot.test.mock.mockito.MockitoContextCustomizer@0, org.springframework.boot.test.context.SpringBootTestArgs@1, org.springframework.boot.test.context.SpringBootTestWebEnvironment@0], resourceBasePath = 'src/main/webapp', contextLoader = 'org.springframework.boot.test.context.SpringBootContextLoader', parent = [null]], attributes = map[[empty]]]].
09:49:08.435 [Test worker] DEBUG org.springframework.test.context.support.TestPropertySourceUtils - Adding inlined properties to environment: {spring.jmx.enabled=false, org.springframework.boot.test.autoconfigure.web.servlet.WebMvcTestContextBootstrapper=true}

  .   ____          _            __ _ _
 /\\ / ___'_ __ _ _(_)_ __  __ _ \ \ \ \
( ( )\___ | '_ | '_| | '_ \/ _` | \ \ \ \
 \\/  ___)| |_)| | | | | || (_| |  ) ) ) )
  '  |____| .__|_| |_|_| |_\__, | / / / /
 =========|_|==============|___/=/_/_/_/
 :: Spring Boot ::                (v2.4.1)

2022-01-25 09:49:19.990  WARN 19913 --- [    Test worker] o.s.boot.StartupInfoLogger               : InetAddress.getLocalHost().getHostName() took 5005 milliseconds to respond. Please verify your network configuration (macOS machines may need to add entries to /etc/hosts).
2022-01-25 09:49:25.005  INFO 19913 --- [    Test worker] c.j.b.s.web.HelloControllerTest          : Starting HelloControllerTest using Java 1.8.0_301 on DongJas-MacBook-Air.local with PID 19913 (started by dongja in /Users/dongja/eclipse-workspace/freelec-springboot2-webservice)
2022-01-25 09:49:25.015  INFO 19913 --- [    Test worker] c.j.b.s.web.HelloControllerTest          : No active profile set, falling back to default profiles: default
2022-01-25 09:49:29.155  INFO 19913 --- [    Test worker] o.s.s.concurrent.ThreadPoolTaskExecutor  : Initializing ExecutorService 'applicationTaskExecutor'
2022-01-25 09:49:29.600  INFO 19913 --- [    Test worker] o.s.b.a.w.s.WelcomePageHandlerMapping    : Adding welcome page template: index
2022-01-25 09:49:31.427  INFO 19913 --- [    Test worker] o.s.s.web.DefaultSecurityFilterChain     : Will secure any request with [org.springframework.security.web.context.request.async.WebAsyncManagerIntegrationFilter@27a5a003, org.springframework.security.web.context.SecurityContextPersistenceFilter@9e01672, org.springframework.security.web.header.HeaderWriterFilter@5c09a4e2, org.springframework.security.web.csrf.CsrfFilter@18167890, org.springframework.security.web.authentication.logout.LogoutFilter@44871cd4, org.springframework.security.oauth2.client.web.OAuth2AuthorizationRequestRedirectFilter@6a173c9, org.springframework.security.oauth2.client.web.OAuth2AuthorizationRequestRedirectFilter@1de7dc08, org.springframework.security.oauth2.client.web.OAuth2LoginAuthenticationFilter@c8d4c56, org.springframework.security.web.authentication.ui.DefaultLoginPageGeneratingFilter@6e72d86e, org.springframework.security.web.authentication.ui.DefaultLogoutPageGeneratingFilter@5dca86eb, org.springframework.security.web.savedrequest.RequestCacheAwareFilter@50ecd54a, org.springframework.security.web.servletapi.SecurityContextHolderAwareRequestFilter@2a955f7a, org.springframework.security.web.authentication.AnonymousAuthenticationFilter@25b4dd29, org.springframework.security.oauth2.client.web.OAuth2AuthorizationCodeGrantFilter@61f32ebd, org.springframework.security.web.session.SessionManagementFilter@7f9cb7ac, org.springframework.security.web.access.ExceptionTranslationFilter@321edf9c, org.springframework.security.web.access.intercept.FilterSecurityInterceptor@10ef6d3a]
2022-01-25 09:49:31.752  INFO 19913 --- [    Test worker] o.s.b.t.m.w.SpringBootMockServletContext : Initializing Spring TestDispatcherServlet ''
2022-01-25 09:49:31.753  INFO 19913 --- [    Test worker] o.s.t.web.servlet.TestDispatcherServlet  : Initializing Servlet ''
2022-01-25 09:49:31.759  INFO 19913 --- [    Test worker] o.s.t.web.servlet.TestDispatcherServlet  : Completed initialization in 5 ms
2022-01-25 09:49:31.832  INFO 19913 --- [    Test worker] c.j.b.s.web.HelloControllerTest          : Started HelloControllerTest in 23.355 seconds (JVM running for 29.7)
]]></system-out>
  <system-err><![CDATA[]]></system-err>
</testsuite>
